p1:-1 0 C:\\Users\\ketia\\Perforce\\tianrunk_Laptop\\etc\\courses\\2020_semester_3\\bvw\\round3\\team26\\working\\Team26_Round3\\Assets\\Models.meta
p1:-1 0 C:\\Users\\ketia\\Perforce\\tianrunk_Laptop\\etc\\courses\\2020_semester_3\\bvw\\round3\\team26\\working\\Team26_Round3\\Assets\\Models\\book_v02.fbx
p1:-1 0 C:\\Users\\ketia\\Perforce\\tianrunk_Laptop\\etc\\courses\\2020_semester_3\\bvw\\round3\\team26\\working\\Team26_Round3\\Assets\\Models\\book_v02.fbx.meta
p1:-1 0 C:\\Users\\ketia\\Perforce\\tianrunk_Laptop\\etc\\courses\\2020_semester_3\\bvw\\round3\\team26\\working\\Team26_Round3\\Assets\\Models\\cabinet_v02.fbx
p1:-1 0 C:\\Users\\ketia\\Perforce\\tianrunk_Laptop\\etc\\courses\\2020_semester_3\\bvw\\round3\\team26\\working\\Team26_Round3\\Assets\\Models\\cabinet_v02.fbx.meta
p1:-1 0 C:\\Users\\ketia\\Perforce\\tianrunk_Laptop\\etc\\courses\\2020_semester_3\\bvw\\round3\\team26\\working\\Team26_Round3\\Assets\\Models\\cardboard_box_v2.fbx
p1:-1 0 C:\\Users\\ketia\\Perforce\\tianrunk_Laptop\\etc\\courses\\2020_semester_3\\bvw\\round3\\team26\\working\\Team26_Round3\\Assets\\Models\\cardboard_box_v2.fbx.meta
p1:-1 0 C:\\Users\\ketia\\Perforce\\tianrunk_Laptop\\etc\\courses\\2020_semester_3\\bvw\\round3\\team26\\working\\Team26_Round3\\Assets\\Models\\coffee_table_v2.fbx
p1:-1 0 C:\\Users\\ketia\\Perforce\\tianrunk_Laptop\\etc\\courses\\2020_semester_3\\bvw\\round3\\team26\\working\\Team26_Round3\\Assets\\Models\\coffee_table_v2.fbx.meta
p1:-1 0 C:\\Users\\ketia\\Perforce\\tianrunk_Laptop\\etc\\courses\\2020_semester_3\\bvw\\round3\\team26\\working\\Team26_Round3\\Assets\\Models\\desk_v01.fbx
p1:-1 0 C:\\Users\\ketia\\Perforce\\tianrunk_Laptop\\etc\\courses\\2020_semester_3\\bvw\\round3\\team26\\working\\Team26_Round3\\Assets\\Models\\desk_v01.fbx.meta
p1:-1 0 C:\\Users\\ketia\\Perforce\\tianrunk_Laptop\\etc\\courses\\2020_semester_3\\bvw\\round3\\team26\\working\\Team26_Round3\\Assets\\Models\\side_table_v01.fbx
p1:-1 0 C:\\Users\\ketia\\Perforce\\tianrunk_Laptop\\etc\\courses\\2020_semester_3\\bvw\\round3\\team26\\working\\Team26_Round3\\Assets\\Models\\side_table_v01.fbx.meta
p1:-1 0 C:\\Users\\ketia\\Perforce\\tianrunk_Laptop\\etc\\courses\\2020_semester_3\\bvw\\round3\\team26\\working\\Team26_Round3\\Assets\\Models\\standing_lamp_v1.fbx
p1:-1 0 C:\\Users\\ketia\\Perforce\\tianrunk_Laptop\\etc\\courses\\2020_semester_3\\bvw\\round3\\team26\\working\\Team26_Round3\\Assets\\Models\\standing_lamp_v1.fbx.meta
p1:-1 0 C:\\Users\\ketia\\Perforce\\tianrunk_Laptop\\etc\\courses\\2020_semester_3\\bvw\\round3\\team26\\working\\Team26_Round3\\Assets\\Models\\witch_hat_v1.fbx
p1:-1 0 C:\\Users\\ketia\\Perforce\\tianrunk_Laptop\\etc\\courses\\2020_semester_3\\bvw\\round3\\team26\\working\\Team26_Round3\\Assets\\Models\\witch_hat_v1.fbx.meta
p1:-1 0 C:\\Users\\ketia\\Perforce\\tianrunk_Laptop\\etc\\courses\\2020_semester_3\\bvw\\round3\\team26\\working\\Team26_Round3\\Assets\\Scripts\\Movement\\MovementController.cs
p1:-1 0 C:\\Users\\ketia\\Perforce\\tianrunk_Laptop\\etc\\courses\\2020_semester_3\\bvw\\round3\\team26\\working\\Team26_Round3\\Assets\\Scripts\\Movement\\MovementController.cs.meta
e32:SSL receive failed.\nread: The system cannot find the file specified. : WSAECONNRESET\n
p1:-1 1 Change 132523 created with 2 open file(s).
p1:-1 1 Submitting change 132523.
p1:-1 1 Locking 2 files ...
p1:-1 1 edit //depot/etc/courses/2020_semester_3/bvw/round3/team26/working/Team26_Round3/Assets/Scripts/Obstacle.cs#2
p1:-1 1 edit //depot/etc/courses/2020_semester_3/bvw/round3/team26/working/Team26_Round3/Assets/Scripts/Obstacle.cs.meta#2
p1:-1 1 Change 132523 submitted.
p1:-1 1 C:\\Users\\ketia\\Perforce\\tianrunk_Laptop\\etc\\courses\\2020_semester_3\\bvw\\round3\\team26\\working\\Team26_Round3\\Assets\\Scenes\\SampleScene.unity
p1:-1 1 Change 132593 created with 2 open file(s).
p1:-1 1 Submitting change 132593.
p1:-1 1 Locking 2 files ...
p1:-1 1 edit //depot/etc/courses/2020_semester_3/bvw/round3/team26/working/Team26_Round3/Assets/Scripts/Movement/MovementController.cs#8
p1:-1 1 edit //depot/etc/courses/2020_semester_3/bvw/round3/team26/working/Team26_Round3/Assets/Scripts/Movement/MovementController.cs.meta#8
p1:-1 1 Change 132593 submitted.
e32:SSL receive failed.\nread: The system cannot find the file specified. : WSAECONNRESET\n
p1:-1 0 opened for add and can't be replaced
p1:-1 1 opened for add and can't be replaced
p1:-1 1 opened for add and can't be replaced
C:/Users/ketia/Perforce/tianrunk_Laptop/etc/courses/2020_semester_3/bvw/round3/team26/working/Team26_Round3/Assets/Textures.meta - file(s) not on client.

w1:C:/Users/ketia/Perforce/tianrunk_Laptop/etc/courses/2020_semester_3/bvw/round3/team26/working/Team26_Round3/Assets/Textures.meta - file(s) not on client.\n
p1:-1 1 Change 132828 created with 20 open file(s).
p1:-1 1 Submitting change 132828.
p1:-1 1 Locking 20 files ...
p1:-1 1 edit //depot/etc/courses/2020_semester_3/bvw/round3/team26/working/Team26_Round3/Assets/Textures.meta#2
p1:-1 1 edit //depot/etc/courses/2020_semester_3/bvw/round3/team26/working/Team26_Round3/Assets/Textures/Horse Textures.meta#2
p1:-1 1 edit //depot/etc/courses/2020_semester_3/bvw/round3/team26/working/Team26_Round3/Assets/Textures/Horse Textures/Back.meta#2
p1:-1 1 edit //depot/etc/courses/2020_semester_3/bvw/round3/team26/working/Team26_Round3/Assets/Textures/Horse Textures/Back/HorseBack_v01_lambert1_AlbedoTransparency.png#2
p1:-1 3 edit //depot/etc/courses/2020_semester_3/bvw/round3/team26/working/Team26_Round3/Assets/Textures/Horse Textures/Back/HorseBack_v01_lambert1_AlbedoTransparency.png.meta#2
p1:-1 3 edit //depot/etc/courses/2020_semester_3/bvw/round3/team26/working/Team26_Round3/Assets/Textures/Horse Textures/Back/HorseBack_v01_lambert1_Emission.png#2
p1:-1 3 edit //depot/etc/courses/2020_semester_3/bvw/round3/team26/working/Team26_Round3/Assets/Textures/Horse Textures/Back/HorseBack_v01_lambert1_Emission.png.meta#2
p1:-1 3 edit //depot/etc/courses/2020_semester_3/bvw/round3/team26/working/Team26_Round3/Assets/Textures/Horse Textures/Back/HorseBack_v01_lambert1_MetallicSmoothness.png#2
p1:-1 4 edit //depot/etc/courses/2020_semester_3/bvw/round3/team26/working/Team26_Round3/Assets/Textures/Horse Textures/Back/HorseBack_v01_lambert1_MetallicSmoothness.png.meta#2
p1:-1 4 edit //depot/etc/courses/2020_semester_3/bvw/round3/team26/working/Team26_Round3/Assets/Textures/Horse Textures/Back/HorseBack_v01_lambert1_Normal.png#2
p1:-1 5 edit //depot/etc/courses/2020_semester_3/bvw/round3/team26/working/Team26_Round3/Assets/Textures/Horse Textures/Back/HorseBack_v01_lambert1_Normal.png.meta#2
p1:-1 5 edit //depot/etc/courses/2020_semester_3/bvw/round3/team26/working/Team26_Round3/Assets/Textures/Horse Textures/Front.meta#2
p1:-1 5 edit //depot/etc/courses/2020_semester_3/bvw/round3/team26/working/Team26_Round3/Assets/Textures/Horse Textures/Front/HorseFront_v01_lambert1_AlbedoTransparency.png#2
p1:-1 7 edit //depot/etc/courses/2020_semester_3/bvw/round3/team26/working/Team26_Round3/Assets/Textures/Horse Textures/Front/HorseFront_v01_lambert1_AlbedoTransparency.png.meta#2
p1:-1 7 edit //depot/etc/courses/2020_semester_3/bvw/round3/team26/working/Team26_Round3/Assets/Textures/Horse Textures/Front/HorseFront_v01_lambert1_Emission.png#2
p1:-1 7 edit //depot/etc/courses/2020_semester_3/bvw/round3/team26/working/Team26_Round3/Assets/Textures/Horse Textures/Front/HorseFront_v01_lambert1_Emission.png.meta#2
p1:-1 7 edit //depot/etc/courses/2020_semester_3/bvw/round3/team26/working/Team26_Round3/Assets/Textures/Horse Textures/Front/HorseFront_v01_lambert1_MetallicSmoothness.png#2
p1:-1 8 edit //depot/etc/courses/2020_semester_3/bvw/round3/team26/working/Team26_Round3/Assets/Textures/Horse Textures/Front/HorseFront_v01_lambert1_MetallicSmoothness.png.meta#2
p1:-1 8 edit //depot/etc/courses/2020_semester_3/bvw/round3/team26/working/Team26_Round3/Assets/Textures/Horse Textures/Front/HorseFront_v01_lambert1_Normal.png#2
p1:-1 9 edit //depot/etc/courses/2020_semester_3/bvw/round3/team26/working/Team26_Round3/Assets/Textures/Horse Textures/Front/HorseFront_v01_lambert1_Normal.png.meta#2
p1:-1 9 Change 132828 submitted.
e32:SSL receive failed.\nread: The system cannot find the file specified. : WSAECONNRESET\n
p1:-1 1 Change 132987 created with 1 open file(s).
p1:-1 1 Submitting change 132987.
p1:-1 1 Locking 1 files ...
p1:-1 1 edit //depot/etc/courses/2020_semester_3/bvw/round3/team26/working/Team26_Round3/ProjectSettings/ProjectSettings.asset#5
p1:-1 1 Change 132987 submitted.
p1:-1 1 Change 133129 created with 1 open file(s).
p1:-1 1 Submitting change 133129.
p1:-1 1 Locking 1 files ...
p1:-1 1 edit //depot/etc/courses/2020_semester_3/bvw/round3/team26/working/Team26_Round3/ProjectSettings/ProjectSettings.asset#6
p1:-1 1 Change 133129 submitted.
